Determining if the pthread_create exist failed with the following output:
Change Dir: /home/devaux/rgbdslam_fork/rgbdslam_v2_tmpfork/CMakeFiles/CMakeTmp

Run Build Command:/usr/bin/make "cmTryCompileExec2534567223/fast"
/usr/bin/make -f CMakeFiles/cmTryCompileExec2534567223.dir/build.make CMakeFiles/cmTryCompileExec2534567223.dir/build
make[1]: Entering directory `/home/devaux/rgbdslam_fork/rgbdslam_v2_tmpfork/CMakeFiles/CMakeTmp'
/usr/bin/cmake -E cmake_progress_report /home/devaux/rgbdslam_fork/rgbdslam_v2_tmpfork/CMakeFiles/CMakeTmp/CMakeFiles 1
Building C object CMakeFiles/cmTryCompileExec2534567223.dir/CheckSymbolExists.c.o
/usr/bin/cc    -o CMakeFiles/cmTryCompileExec2534567223.dir/CheckSymbolExists.c.o   -c /home/devaux/rgbdslam_fork/rgbdslam_v2_tmpfork/CMakeFiles/CMakeTmp/CheckSymbolExists.c
Linking C executable cmTryCompileExec2534567223
/usr/bin/cmake -E cmake_link_script CMakeFiles/cmTryCompileExec2534567223.dir/link.txt --verbose=1
/usr/bin/cc         CMakeFiles/cmTryCompileExec2534567223.dir/CheckSymbolExists.c.o  -o cmTryCompileExec2534567223 -rdynamic 
CMakeFiles/cmTryCompileExec2534567223.dir/CheckSymbolExists.c.o: In function `main':
CheckSymbolExists.c:(.text+0x16): undefined reference to `pthread_create'
collect2: error: ld returned 1 exit status
make[1]: *** [cmTryCompileExec2534567223] Error 1
make[1]: Leaving directory `/home/devaux/rgbdslam_fork/rgbdslam_v2_tmpfork/CMakeFiles/CMakeTmp'
make: *** [cmTryCompileExec2534567223/fast] Error 2

File /home/devaux/rgbdslam_fork/rgbdslam_v2_tmpfork/CMakeFiles/CMakeTmp/CheckSymbolExists.c:
/* */
#include <pthread.h>

int main(int argc, char** argv)
{
  (void)argv;
#ifndef pthread_create
  return ((int*)(&pthread_create))[argc];
#else
  (void)argc;
  return 0;
#endif
}

Determining if the function pthread_create exists in the pthreads failed with the following output:
Change Dir: /home/devaux/rgbdslam_fork/rgbdslam_v2_tmpfork/CMakeFiles/CMakeTmp

Run Build Command:/usr/bin/make "cmTryCompileExec3336082713/fast"
/usr/bin/make -f CMakeFiles/cmTryCompileExec3336082713.dir/build.make CMakeFiles/cmTryCompileExec3336082713.dir/build
make[1]: Entering directory `/home/devaux/rgbdslam_fork/rgbdslam_v2_tmpfork/CMakeFiles/CMakeTmp'
/usr/bin/cmake -E cmake_progress_report /home/devaux/rgbdslam_fork/rgbdslam_v2_tmpfork/CMakeFiles/CMakeTmp/CMakeFiles 1
Building C object CMakeFiles/cmTryCompileExec3336082713.dir/CheckFunctionExists.c.o
/usr/bin/cc   -DCHECK_FUNCTION_EXISTS=pthread_create   -o CMakeFiles/cmTryCompileExec3336082713.dir/CheckFunctionExists.c.o   -c /usr/share/cmake-2.8/Modules/CheckFunctionExists.c
Linking C executable cmTryCompileExec3336082713
/usr/bin/cmake -E cmake_link_script CMakeFiles/cmTryCompileExec3336082713.dir/link.txt --verbose=1
/usr/bin/cc     -DCHECK_FUNCTION_EXISTS=pthread_create    CMakeFiles/cmTryCompileExec3336082713.dir/CheckFunctionExists.c.o  -o cmTryCompileExec3336082713 -rdynamic -lpthreads 
/usr/bin/ld: cannot find -lpthreads
collect2: error: ld returned 1 exit status
make[1]: *** [cmTryCompileExec3336082713] Error 1
make[1]: Leaving directory `/home/devaux/rgbdslam_fork/rgbdslam_v2_tmpfork/CMakeFiles/CMakeTmp'
make: *** [cmTryCompileExec3336082713/fast] Error 2


Determining if the Q_WS_WIN exist failed with the following output:
Change Dir: /home/devaux/rgbdslam_fork/rgbdslam_v2_tmpfork/CMakeFiles/CMakeTmp

Run Build Command:/usr/bin/make "cmTryCompileExec1349948871/fast"
/usr/bin/make -f CMakeFiles/cmTryCompileExec1349948871.dir/build.make CMakeFiles/cmTryCompileExec1349948871.dir/build
make[1]: Entering directory `/home/devaux/rgbdslam_fork/rgbdslam_v2_tmpfork/CMakeFiles/CMakeTmp'
/usr/bin/cmake -E cmake_progress_report /home/devaux/rgbdslam_fork/rgbdslam_v2_tmpfork/CMakeFiles/CMakeTmp/CMakeFiles 1
Building CXX object CMakeFiles/cmTryCompileExec1349948871.dir/CheckSymbolExists.cxx.o
/usr/bin/c++    -Wno-deprecated   -I/usr/include/qt4    -o CMakeFiles/cmTryCompileExec1349948871.dir/CheckSymbolExists.cxx.o -c /home/devaux/rgbdslam_fork/rgbdslam_v2_tmpfork/CMakeFiles/CMakeTmp/CheckSymbolExists.cxx
/home/devaux/rgbdslam_fork/rgbdslam_v2_tmpfork/CMakeFiles/CMakeTmp/CheckSymbolExists.cxx: In function ‘int main(int, char**)’:
/home/devaux/rgbdslam_fork/rgbdslam_v2_tmpfork/CMakeFiles/CMakeTmp/CheckSymbolExists.cxx:8:19: error: ‘Q_WS_WIN’ was not declared in this scope
make[1]: *** [CMakeFiles/cmTryCompileExec1349948871.dir/CheckSymbolExists.cxx.o] Error 1
make[1]: Leaving directory `/home/devaux/rgbdslam_fork/rgbdslam_v2_tmpfork/CMakeFiles/CMakeTmp'
make: *** [cmTryCompileExec1349948871/fast] Error 2

File /home/devaux/rgbdslam_fork/rgbdslam_v2_tmpfork/CMakeFiles/CMakeTmp/CheckSymbolExists.cxx:
/* */
#include <QtCore/qglobal.h>

int main(int argc, char** argv)
{
  (void)argv;
#ifndef Q_WS_WIN
  return ((int*)(&Q_WS_WIN))[argc];
#else
  (void)argc;
  return 0;
#endif
}

Determining if the Q_WS_QWS exist failed with the following output:
Change Dir: /home/devaux/rgbdslam_fork/rgbdslam_v2_tmpfork/CMakeFiles/CMakeTmp

Run Build Command:/usr/bin/make "cmTryCompileExec2592746808/fast"
/usr/bin/make -f CMakeFiles/cmTryCompileExec2592746808.dir/build.make CMakeFiles/cmTryCompileExec2592746808.dir/build
make[1]: Entering directory `/home/devaux/rgbdslam_fork/rgbdslam_v2_tmpfork/CMakeFiles/CMakeTmp'
/usr/bin/cmake -E cmake_progress_report /home/devaux/rgbdslam_fork/rgbdslam_v2_tmpfork/CMakeFiles/CMakeTmp/CMakeFiles 1
Building CXX object CMakeFiles/cmTryCompileExec2592746808.dir/CheckSymbolExists.cxx.o
/usr/bin/c++    -Wno-deprecated   -I/usr/include/qt4    -o CMakeFiles/cmTryCompileExec2592746808.dir/CheckSymbolExists.cxx.o -c /home/devaux/rgbdslam_fork/rgbdslam_v2_tmpfork/CMakeFiles/CMakeTmp/CheckSymbolExists.cxx
/home/devaux/rgbdslam_fork/rgbdslam_v2_tmpfork/CMakeFiles/CMakeTmp/CheckSymbolExists.cxx: In function ‘int main(int, char**)’:
/home/devaux/rgbdslam_fork/rgbdslam_v2_tmpfork/CMakeFiles/CMakeTmp/CheckSymbolExists.cxx:8:19: error: ‘Q_WS_QWS’ was not declared in this scope
make[1]: *** [CMakeFiles/cmTryCompileExec2592746808.dir/CheckSymbolExists.cxx.o] Error 1
make[1]: Leaving directory `/home/devaux/rgbdslam_fork/rgbdslam_v2_tmpfork/CMakeFiles/CMakeTmp'
make: *** [cmTryCompileExec2592746808/fast] Error 2

File /home/devaux/rgbdslam_fork/rgbdslam_v2_tmpfork/CMakeFiles/CMakeTmp/CheckSymbolExists.cxx:
/* */
#include <QtCore/qglobal.h>

int main(int argc, char** argv)
{
  (void)argv;
#ifndef Q_WS_QWS
  return ((int*)(&Q_WS_QWS))[argc];
#else
  (void)argc;
  return 0;
#endif
}

Determining if the Q_WS_MAC exist failed with the following output:
Change Dir: /home/devaux/rgbdslam_fork/rgbdslam_v2_tmpfork/CMakeFiles/CMakeTmp

Run Build Command:/usr/bin/make "cmTryCompileExec1351800987/fast"
/usr/bin/make -f CMakeFiles/cmTryCompileExec1351800987.dir/build.make CMakeFiles/cmTryCompileExec1351800987.dir/build
make[1]: Entering directory `/home/devaux/rgbdslam_fork/rgbdslam_v2_tmpfork/CMakeFiles/CMakeTmp'
/usr/bin/cmake -E cmake_progress_report /home/devaux/rgbdslam_fork/rgbdslam_v2_tmpfork/CMakeFiles/CMakeTmp/CMakeFiles 1
Building CXX object CMakeFiles/cmTryCompileExec1351800987.dir/CheckSymbolExists.cxx.o
/usr/bin/c++    -Wno-deprecated   -I/usr/include/qt4    -o CMakeFiles/cmTryCompileExec1351800987.dir/CheckSymbolExists.cxx.o -c /home/devaux/rgbdslam_fork/rgbdslam_v2_tmpfork/CMakeFiles/CMakeTmp/CheckSymbolExists.cxx
/home/devaux/rgbdslam_fork/rgbdslam_v2_tmpfork/CMakeFiles/CMakeTmp/CheckSymbolExists.cxx: In function ‘int main(int, char**)’:
/home/devaux/rgbdslam_fork/rgbdslam_v2_tmpfork/CMakeFiles/CMakeTmp/CheckSymbolExists.cxx:8:19: error: ‘Q_WS_MAC’ was not declared in this scope
make[1]: *** [CMakeFiles/cmTryCompileExec1351800987.dir/CheckSymbolExists.cxx.o] Error 1
make[1]: Leaving directory `/home/devaux/rgbdslam_fork/rgbdslam_v2_tmpfork/CMakeFiles/CMakeTmp'
make: *** [cmTryCompileExec1351800987/fast] Error 2

File /home/devaux/rgbdslam_fork/rgbdslam_v2_tmpfork/CMakeFiles/CMakeTmp/CheckSymbolExists.cxx:
/* */
#include <QtCore/qglobal.h>

int main(int argc, char** argv)
{
  (void)argv;
#ifndef Q_WS_MAC
  return ((int*)(&Q_WS_MAC))[argc];
#else
  (void)argc;
  return 0;
#endif
}

